<?xml version="1.0" encoding="UTF-8" ?>
<testsuite failures="0" time="1.968" errors="3" skipped="0" tests="6" name="com.xxl.test.TestMyBatis">
  <properties>
[...]
</properties>
  <testcase time="1.694" classname="com.xxl.test.TestMyBatis" name="test1"/>
  <testcase time="0.15" classname="com.xxl.test.TestMyBatis" name="test2">
    <error message="
### Error updating database.  Cause: com.mysql.jdbc.exceptions.jdbc4.MySQLIntegrityConstraintViolationException: Column &apos;user_name&apos; cannot be null
### The error may involve com.xxl.dao.UserTMapper.insert-Inline
### The error occurred while setting parameters
### SQL: insert into user_t (id, user_name, password,age)     values (?, ?, ?,?)
### Cause: com.mysql.jdbc.exceptions.jdbc4.MySQLIntegrityConstraintViolationException: Column &apos;user_name&apos; cannot be null
; SQL []; Column &apos;user_name&apos; cannot be null; nested exception is com.mysql.jdbc.exceptions.jdbc4.MySQLIntegrityConstraintViolationException: Column &apos;user_name&apos; cannot be null" type="org.springframework.dao.DataIntegrityViolationException">org.springframework.dao.DataIntegrityViolationException: 
### Error updating database.  Cause: com.mysql.jdbc.exceptions.jdbc4.MySQLIntegrityConstraintViolationException: Column &apos;user_name&apos; cannot be null
### The error may involve com.xxl.dao.UserTMapper.insert-Inline
### The error occurred while setting parameters
### SQL: insert into user_t (id, user_name, password,age)     values (?, ?, ?,?)
### Cause: com.mysql.jdbc.exceptions.jdbc4.MySQLIntegrityConstraintViolationException: Column &apos;user_name&apos; cannot be null
; SQL []; Column &apos;user_name&apos; cannot be null; nested exception is com.mysql.jdbc.exceptions.jdbc4.MySQLIntegrityConstraintViolationException: Column &apos;user_name&apos; cannot be null
	at org.springframework.jdbc.support.SQLExceptionSubclassTranslator.doTranslate(SQLExceptionSubclassTranslator.java:86)
	at org.springframework.jdbc.support.AbstractFallbackSQLExceptionTranslator.translate(AbstractFallbackSQLExceptionTranslator.java:73)
	at org.springframework.jdbc.support.AbstractFallbackSQLExceptionTranslator.translate(AbstractFallbackSQLExceptionTranslator.java:81)
	at org.mybatis.spring.MyBatisExceptionTranslator.translateExceptionIfPossible(MyBatisExceptionTranslator.java:73)
	at org.mybatis.spring.SqlSessionTemplate$SqlSessionInterceptor.invoke(SqlSessionTemplate.java:371)
	at com.sun.proxy.$Proxy18.insert(Unknown Source)
	at org.mybatis.spring.SqlSessionTemplate.insert(SqlSessionTemplate.java:240)
	at org.apache.ibatis.binding.MapperMethod.execute(MapperMethod.java:51)
	at org.apache.ibatis.binding.MapperProxy.invoke(MapperProxy.java:52)
	at com.sun.proxy.$Proxy19.insert(Unknown Source)
	at com.xxl.service.impl.UserServiceImpl.addUser(UserServiceImpl.java:25)
	at com.xxl.test.TestMyBatis.test2(TestMyBatis.java:44)
	at sun.reflect.NativeMethodAccessorImpl.invoke0(Native Method)
	at sun.reflect.NativeMethodAccessorImpl.invoke(NativeMethodAccessorImpl.java:57)
	at sun.reflect.DelegatingMethodAccessorImpl.invoke(DelegatingMethodAccessorImpl.java:43)
	at java.lang.reflect.Method.invoke(Method.java:606)
	at org.junit.runners.model.FrameworkMethod$1.runReflectiveCall(FrameworkMethod.java:47)
	at org.junit.internal.runners.model.ReflectiveCallable.run(ReflectiveCallable.java:12)
	at org.junit.runners.model.FrameworkMethod.invokeExplosively(FrameworkMethod.java:44)
	at org.junit.internal.runners.statements.InvokeMethod.evaluate(InvokeMethod.java:17)
	at org.springframework.test.context.junit4.statements.RunBeforeTestMethodCallbacks.evaluate(RunBeforeTestMethodCallbacks.java:74)
	at org.springframework.test.context.junit4.statements.RunAfterTestMethodCallbacks.evaluate(RunAfterTestMethodCallbacks.java:83)
	at org.springframework.test.context.junit4.statements.SpringRepeat.evaluate(SpringRepeat.java:72)
	at org.springframework.test.context.junit4.SpringJUnit4ClassRunner.runChild(SpringJUnit4ClassRunner.java:232)
	at org.springframework.test.context.junit4.SpringJUnit4ClassRunner.runChild(SpringJUnit4ClassRunner.java:89)
	at org.junit.runners.ParentRunner$3.run(ParentRunner.java:238)
	at org.junit.runners.ParentRunner$1.schedule(ParentRunner.java:63)
	at org.junit.runners.ParentRunner.runChildren(ParentRunner.java:236)
	at org.junit.runners.ParentRunner.access$000(ParentRunner.java:53)
	at org.junit.runners.ParentRunner$2.evaluate(ParentRunner.java:229)
	at org.springframework.test.context.junit4.statements.RunBeforeTestClassCallbacks.evaluate(RunBeforeTestClassCallbacks.java:61)
	at org.springframework.test.context.junit4.statements.RunAfterTestClassCallbacks.evaluate(RunAfterTestClassCallbacks.java:71)
	at org.junit.runners.ParentRunner.run(ParentRunner.java:309)
	at org.springframework.test.context.junit4.SpringJUnit4ClassRunner.run(SpringJUnit4ClassRunner.java:175)
	at org.apache.maven.surefire.junit4.JUnit4Provider.execute(JUnit4Provider.java:252)
	at org.apache.maven.surefire.junit4.JUnit4Provider.executeTestSet(JUnit4Provider.java:141)
	at org.apache.maven.surefire.junit4.JUnit4Provider.invoke(JUnit4Provider.java:112)
	at sun.reflect.NativeMethodAccessorImpl.invoke0(Native Method)
	at sun.reflect.NativeMethodAccessorImpl.invoke(NativeMethodAccessorImpl.java:57)
	at sun.reflect.DelegatingMethodAccessorImpl.invoke(DelegatingMethodAccessorImpl.java:43)
	at java.lang.reflect.Method.invoke(Method.java:606)
	at org.apache.maven.surefire.util.ReflectionUtils.invokeMethodWithArray(ReflectionUtils.java:189)
	at org.apache.maven.surefire.booter.ProviderFactory$ProviderProxy.invoke(ProviderFactory.java:165)
	at org.apache.maven.surefire.booter.ProviderFactory.invokeProvider(ProviderFactory.java:85)
	at org.apache.maven.surefire.booter.ForkedBooter.runSuitesInProcess(ForkedBooter.java:115)
	at org.apache.maven.surefire.booter.ForkedBooter.main(ForkedBooter.java:75)
Caused by: com.mysql.jdbc.exceptions.jdbc4.MySQLIntegrityConstraintViolationException: Column &apos;user_name&apos; cannot be null
	at sun.reflect.NativeConstructorAccessorImpl.newInstance0(Native Method)
	at sun.reflect.NativeConstructorAccessorImpl.newInstance(NativeConstructorAccessorImpl.java:57)
	at sun.reflect.DelegatingConstructorAccessorImpl.newInstance(DelegatingConstructorAccessorImpl.java:45)
	at java.lang.reflect.Constructor.newInstance(Constructor.java:526)
	at com.mysql.jdbc.Util.handleNewInstance(Util.java:409)
	at com.mysql.jdbc.Util.getInstance(Util.java:384)
	at com.mysql.jdbc.SQLError.createSQLException(SQLError.java:1039)
	at com.mysql.jdbc.MysqlIO.checkErrorPacket(MysqlIO.java:4232)
	at com.mysql.jdbc.MysqlIO.checkErrorPacket(MysqlIO.java:4164)
	at com.mysql.jdbc.MysqlIO.sendCommand(MysqlIO.java:2615)
	at com.mysql.jdbc.MysqlIO.sqlQueryDirect(MysqlIO.java:2776)
	at com.mysql.jdbc.ConnectionImpl.execSQL(ConnectionImpl.java:2838)
	at com.mysql.jdbc.PreparedStatement.executeInternal(PreparedStatement.java:2082)
	at com.mysql.jdbc.PreparedStatement.execute(PreparedStatement.java:1307)
	at org.apache.commons.dbcp.DelegatingPreparedStatement.execute(DelegatingPreparedStatement.java:169)
	at sun.reflect.NativeMethodAccessorImpl.invoke0(Native Method)
	at sun.reflect.NativeMethodAccessorImpl.invoke(NativeMethodAccessorImpl.java:57)
	at sun.reflect.DelegatingMethodAccessorImpl.invoke(DelegatingMethodAccessorImpl.java:43)
	at java.lang.reflect.Method.invoke(Method.java:606)
	at org.apache.ibatis.logging.jdbc.PreparedStatementLogger.invoke(PreparedStatementLogger.java:62)
	at com.sun.proxy.$Proxy22.execute(Unknown Source)
	at org.apache.ibatis.executor.statement.PreparedStatementHandler.update(PreparedStatementHandler.java:44)
	at org.apache.ibatis.executor.statement.RoutingStatementHandler.update(RoutingStatementHandler.java:69)
	at org.apache.ibatis.executor.SimpleExecutor.doUpdate(SimpleExecutor.java:48)
	at org.apache.ibatis.executor.BaseExecutor.update(BaseExecutor.java:105)
	at org.apache.ibatis.executor.CachingExecutor.update(CachingExecutor.java:71)
	at org.apache.ibatis.session.defaults.DefaultSqlSession.update(DefaultSqlSession.java:152)
	at org.apache.ibatis.session.defaults.DefaultSqlSession.insert(DefaultSqlSession.java:141)
	at sun.reflect.NativeMethodAccessorImpl.invoke0(Native Method)
	at sun.reflect.NativeMethodAccessorImpl.invoke(NativeMethodAccessorImpl.java:57)
	at sun.reflect.DelegatingMethodAccessorImpl.invoke(DelegatingMethodAccessorImpl.java:43)
	at java.lang.reflect.Method.invoke(Method.java:606)
	at org.mybatis.spring.SqlSessionTemplate$SqlSessionInterceptor.invoke(SqlSessionTemplate.java:358)
	... 41 more
</error>
    <system-out>2017-07-15 12:24:30,719 [main] DEBUG [org.springframework.test.annotation.ProfileValueUtils] - Retrieved @ProfileValueSourceConfiguration [null] for test class [com.xxl.test.TestMyBatis]
2017-07-15 12:24:30,719 [main] DEBUG [org.springframework.test.annotation.ProfileValueUtils] - Retrieved ProfileValueSource type [class org.springframework.test.annotation.SystemProfileValueSource] for class [com.xxl.test.TestMyBatis]
2017-07-15 12:24:30,721 [main] DEBUG [org.springframework.test.context.support.DependencyInjectionTestExecutionListener] - Performing dependency injection for test context [[DefaultTestContext@751b1e07 testClass = TestMyBatis, testInstance = com.xxl.test.TestMyBatis@3b907285, testMethod = [null], testException = [null], mergedContextConfiguration = [MergedContextConfiguration@7c963d9a testClass = TestMyBatis, locations = &apos;{classpath:spring-mybatis.xml}&apos;, classes = &apos;{}&apos;, contextInitializerClasses = &apos;[]&apos;, activeProfiles = &apos;{}&apos;, contextLoader = &apos;org.springframework.test.context.support.DelegatingSmartContextLoader&apos;, parent = [null]]]].
2017-07-15 12:24:30,721 [main] DEBUG [org.springframework.test.context.CacheAwareContextLoaderDelegate] - Retrieved ApplicationContext from cache with key [[MergedContextConfiguration@7c963d9a testClass = TestMyBatis, locations = &apos;{classpath:spring-mybatis.xml}&apos;, classes = &apos;{}&apos;, contextInitializerClasses = &apos;[]&apos;, activeProfiles = &apos;{}&apos;, contextLoader = &apos;org.springframework.test.context.support.DelegatingSmartContextLoader&apos;, parent = [null]]].
2017-07-15 12:24:30,722 [main] DEBUG [org.springframework.beans.factory.annotation.InjectionMetadata] - Processing injected method of bean &apos;com.xxl.test.TestMyBatis&apos;: AutowiredFieldElement for private com.xxl.service.UserService com.xxl.test.TestMyBatis.userService
2017-07-15 12:24:30,722 [main] DEBUG [org.springframework.beans.factory.support.DefaultListableBeanFactory] - Returning cached instance of singleton bean &apos;userService&apos;
2017-07-15 12:24:30,723 [main] DEBUG [org.springframework.beans.factory.annotation.InjectionMetadata] - Processing injected method of bean &apos;com.xxl.test.TestMyBatis&apos;: AutowiredFieldElement for private com.xxl.service.ClassService com.xxl.test.TestMyBatis.classService
2017-07-15 12:24:30,723 [main] DEBUG [org.springframework.beans.factory.support.DefaultListableBeanFactory] - Returning cached instance of singleton bean &apos;classService&apos;
2017-07-15 12:24:30,725 [main] DEBUG [org.mybatis.spring.SqlSessionUtils] - Creating a new SqlSession
2017-07-15 12:24:30,726 [main] DEBUG [org.mybatis.spring.SqlSessionUtils] - SqlSession [org.apache.ibatis.session.defaults.DefaultSqlSession@84e9850] was not registered for synchronization because synchronization is not active
2017-07-15 12:24:30,726 [main] DEBUG [org.springframework.jdbc.datasource.DataSourceUtils] - Fetching JDBC Connection from DataSource
2017-07-15 12:24:30,729 [main] DEBUG [org.mybatis.spring.transaction.SpringManagedTransaction] - JDBC Connection [jdbc:mysql://localhost:3306/test, UserName=root@localhost, MySQL Connector Java] will not be managed by Spring
2017-07-15 12:24:30,731 [main] DEBUG [com.xxl.dao.UserTMapper.insert] - ==&gt;  Preparing: insert into user_t (id, user_name, password,age) values (?, ?, ?,?) 
2017-07-15 12:24:30,739 [main] DEBUG [com.xxl.dao.UserTMapper.insert] - ==&gt; Parameters: 2(Integer), null, 122(String), 13(Integer)
2017-07-15 12:24:30,744 [main] DEBUG [org.mybatis.spring.SqlSessionUtils] - Closing non transactional SqlSession [org.apache.ibatis.session.defaults.DefaultSqlSession@84e9850]
2017-07-15 12:24:30,745 [main] DEBUG [org.springframework.jdbc.datasource.DataSourceUtils] - Returning JDBC Connection to DataSource
2017-07-15 12:24:30,758 [main] DEBUG [org.springframework.core.env.StandardEnvironment] - Adding [systemProperties] PropertySource with lowest search precedence
2017-07-15 12:24:30,758 [main] DEBUG [org.springframework.core.env.StandardEnvironment] - Adding [systemEnvironment] PropertySource with lowest search precedence
2017-07-15 12:24:30,759 [main] DEBUG [org.springframework.core.env.StandardEnvironment] - Initialized StandardEnvironment with PropertySources [systemProperties,systemEnvironment]
2017-07-15 12:24:30,759 [main] INFO  [org.springframework.beans.factory.xml.XmlBeanDefinitionReader] - Loading XML bean definitions from class path resource [org/springframework/jdbc/support/sql-error-codes.xml]
2017-07-15 12:24:30,764 [main] DEBUG [org.springframework.beans.factory.xml.DefaultDocumentLoader] - Using JAXP provider [com.sun.org.apache.xerces.internal.jaxp.DocumentBuilderFactoryImpl]
2017-07-15 12:24:30,767 [main] DEBUG [org.springframework.beans.factory.xml.BeansDtdResolver] - Found beans DTD [http://www.springframework.org/dtd/spring-beans-2.0.dtd] in classpath: spring-beans-2.0.dtd
2017-07-15 12:24:30,796 [main] DEBUG [org.springframework.beans.factory.xml.DefaultBeanDefinitionDocumentReader] - Loading bean definitions
2017-07-15 12:24:30,813 [main] DEBUG [org.springframework.beans.factory.support.DefaultListableBeanFactory] - Creating shared instance of singleton bean &apos;DB2&apos;
2017-07-15 12:24:30,814 [main] DEBUG [org.springframework.beans.factory.support.DefaultListableBeanFactory] - Creating instance of bean &apos;DB2&apos;
2017-07-15 12:24:30,814 [main] DEBUG [org.springframework.beans.factory.support.DefaultListableBeanFactory] - Eagerly caching bean &apos;DB2&apos; to allow for resolving potential circular references
2017-07-15 12:24:30,828 [main] DEBUG [org.springframework.beans.factory.support.DefaultListableBeanFactory] - Finished creating instance of bean &apos;DB2&apos;
2017-07-15 12:24:30,829 [main] DEBUG [org.springframework.beans.factory.support.DefaultListableBeanFactory] - Creating shared instance of singleton bean &apos;Derby&apos;
2017-07-15 12:24:30,833 [main] DEBUG [org.springframework.beans.factory.support.DefaultListableBeanFactory] - Creating instance of bean &apos;Derby&apos;
2017-07-15 12:24:30,833 [main] DEBUG [org.springframework.beans.factory.support.DefaultListableBeanFactory] - Eagerly caching bean &apos;Derby&apos; to allow for resolving potential circular references
2017-07-15 12:24:30,835 [main] DEBUG [org.springframework.beans.factory.support.DefaultListableBeanFactory] - Finished creating instance of bean &apos;Derby&apos;
2017-07-15 12:24:30,836 [main] DEBUG [org.springframework.beans.factory.support.DefaultListableBeanFactory] - Creating shared instance of singleton bean &apos;H2&apos;
2017-07-15 12:24:30,836 [main] DEBUG [org.springframework.beans.factory.support.DefaultListableBeanFactory] - Creating instance of bean &apos;H2&apos;
2017-07-15 12:24:30,836 [main] DEBUG [org.springframework.beans.factory.support.DefaultListableBeanFactory] - Eagerly caching bean &apos;H2&apos; to allow for resolving potential circular references
2017-07-15 12:24:30,838 [main] DEBUG [org.springframework.beans.factory.support.DefaultListableBeanFactory] - Finished creating instance of bean &apos;H2&apos;
2017-07-15 12:24:30,838 [main] DEBUG [org.springframework.beans.factory.support.DefaultListableBeanFactory] - Creating shared instance of singleton bean &apos;HSQL&apos;
2017-07-15 12:24:30,838 [main] DEBUG [org.springframework.beans.factory.support.DefaultListableBeanFactory] - Creating instance of bean &apos;HSQL&apos;
2017-07-15 12:24:30,838 [main] DEBUG [org.springframework.beans.factory.support.DefaultListableBeanFactory] - Eagerly caching bean &apos;HSQL&apos; to allow for resolving potential circular references
2017-07-15 12:24:30,839 [main] DEBUG [org.springframework.beans.factory.support.DefaultListableBeanFactory] - Finished creating instance of bean &apos;HSQL&apos;
2017-07-15 12:24:30,840 [main] DEBUG [org.springframework.beans.factory.support.DefaultListableBeanFactory] - Creating shared instance of singleton bean &apos;Informix&apos;
2017-07-15 12:24:30,840 [main] DEBUG [org.springframework.beans.factory.support.DefaultListableBeanFactory] - Creating instance of bean &apos;Informix&apos;
2017-07-15 12:24:30,843 [main] DEBUG [org.springframework.beans.factory.support.DefaultListableBeanFactory] - Eagerly caching bean &apos;Informix&apos; to allow for resolving potential circular references
2017-07-15 12:24:30,843 [main] DEBUG [org.springframework.beans.factory.support.DefaultListableBeanFactory] - Finished creating instance of bean &apos;Informix&apos;
2017-07-15 12:24:30,844 [main] DEBUG [org.springframework.beans.factory.support.DefaultListableBeanFactory] - Creating shared instance of singleton bean &apos;MS-SQL&apos;
2017-07-15 12:24:30,844 [main] DEBUG [org.springframework.beans.factory.support.DefaultListableBeanFactory] - Creating instance of bean &apos;MS-SQL&apos;
2017-07-15 12:24:30,844 [main] DEBUG [org.springframework.beans.factory.support.DefaultListableBeanFactory] - Eagerly caching bean &apos;MS-SQL&apos; to allow for resolving potential circular references
2017-07-15 12:24:30,845 [main] DEBUG [org.springframework.beans.factory.support.DefaultListableBeanFactory] - Finished creating instance of bean &apos;MS-SQL&apos;
2017-07-15 12:24:30,846 [main] DEBUG [org.springframework.beans.factory.support.DefaultListableBeanFactory] - Creating shared instance of singleton bean &apos;MySQL&apos;
2017-07-15 12:24:30,846 [main] DEBUG [org.springframework.beans.factory.support.DefaultListableBeanFactory] - Creating instance of bean &apos;MySQL&apos;
2017-07-15 12:24:30,846 [main] DEBUG [org.springframework.beans.factory.support.DefaultListableBeanFactory] - Eagerly caching bean &apos;MySQL&apos; to allow for resolving potential circular references
2017-07-15 12:24:30,847 [main] DEBUG [org.springframework.beans.factory.support.DefaultListableBeanFactory] - Finished creating instance of bean &apos;MySQL&apos;
2017-07-15 12:24:30,847 [main] DEBUG [org.springframework.beans.factory.support.DefaultListableBeanFactory] - Creating shared instance of singleton bean &apos;Oracle&apos;
2017-07-15 12:24:30,847 [main] DEBUG [org.springframework.beans.factory.support.DefaultListableBeanFactory] - Creating instance of bean &apos;Oracle&apos;
2017-07-15 12:24:30,848 [main] DEBUG [org.springframework.beans.factory.support.DefaultListableBeanFactory] - Eagerly caching bean &apos;Oracle&apos; to allow for resolving potential circular references
2017-07-15 12:24:30,851 [main] DEBUG [org.springframework.beans.factory.support.DefaultListableBeanFactory] - Finished creating instance of bean &apos;Oracle&apos;
2017-07-15 12:24:30,852 [main] DEBUG [org.springframework.beans.factory.support.DefaultListableBeanFactory] - Creating shared instance of singleton bean &apos;PostgreSQL&apos;
2017-07-15 12:24:30,852 [main] DEBUG [org.springframework.beans.factory.support.DefaultListableBeanFactory] - Creating instance of bean &apos;PostgreSQL&apos;
2017-07-15 12:24:30,852 [main] DEBUG [org.springframework.beans.factory.support.DefaultListableBeanFactory] - Eagerly caching bean &apos;PostgreSQL&apos; to allow for resolving potential circular references
2017-07-15 12:24:30,855 [main] DEBUG [org.springframework.beans.factory.support.DefaultListableBeanFactory] - Finished creating instance of bean &apos;PostgreSQL&apos;
2017-07-15 12:24:30,855 [main] DEBUG [org.springframework.beans.factory.support.DefaultListableBeanFactory] - Creating shared instance of singleton bean &apos;Sybase&apos;
2017-07-15 12:24:30,856 [main] DEBUG [org.springframework.beans.factory.support.DefaultListableBeanFactory] - Creating instance of bean &apos;Sybase&apos;
2017-07-15 12:24:30,856 [main] DEBUG [org.springframework.beans.factory.support.DefaultListableBeanFactory] - Eagerly caching bean &apos;Sybase&apos; to allow for resolving potential circular references
2017-07-15 12:24:30,857 [main] DEBUG [org.springframework.beans.factory.support.DefaultListableBeanFactory] - Finished creating instance of bean &apos;Sybase&apos;
2017-07-15 12:24:30,858 [main] INFO  [org.springframework.jdbc.support.SQLErrorCodesFactory] - SQLErrorCodes loaded: [DB2, Derby, H2, HSQL, Informix, MS-SQL, MySQL, Oracle, PostgreSQL, Sybase]
2017-07-15 12:24:30,858 [main] DEBUG [org.springframework.jdbc.support.SQLErrorCodesFactory] - Looking up default SQLErrorCodes for DataSource [org.apache.commons.dbcp.BasicDataSource@321984a]
2017-07-15 12:24:30,860 [main] DEBUG [org.springframework.jdbc.datasource.DataSourceUtils] - Fetching JDBC Connection from DataSource
2017-07-15 12:24:30,861 [main] DEBUG [org.springframework.jdbc.datasource.DataSourceUtils] - Returning JDBC Connection to DataSource
2017-07-15 12:24:30,861 [main] DEBUG [org.springframework.jdbc.support.SQLErrorCodesFactory] - Database product name cached for DataSource [org.apache.commons.dbcp.BasicDataSource@321984a]: name is &apos;MySQL&apos;
2017-07-15 12:24:30,862 [main] DEBUG [org.springframework.jdbc.support.SQLErrorCodesFactory] - SQL error codes for &apos;MySQL&apos; found
2017-07-15 12:24:30,862 [main] DEBUG [org.springframework.jdbc.support.SQLErrorCodeSQLExceptionTranslator] - Unable to translate SQLException with Error code &apos;1048&apos;, will now try the fallback translator
2017-07-15 12:24:30,864 [main] DEBUG [org.springframework.test.context.support.DirtiesContextTestExecutionListener] - After test method: context [DefaultTestContext@751b1e07 testClass = TestMyBatis, testInstance = com.xxl.test.TestMyBatis@3b907285, testMethod = test2@TestMyBatis, testException = org.springframework.dao.DataIntegrityViolationException: 
### Error updating database.  Cause: com.mysql.jdbc.exceptions.jdbc4.MySQLIntegrityConstraintViolationException: Column &apos;user_name&apos; cannot be null
### The error may involve com.xxl.dao.UserTMapper.insert-Inline
### The error occurred while setting parameters
### SQL: insert into user_t (id, user_name, password,age)     values (?, ?, ?,?)
### Cause: com.mysql.jdbc.exceptions.jdbc4.MySQLIntegrityConstraintViolationException: Column &apos;user_name&apos; cannot be null
; SQL []; Column &apos;user_name&apos; cannot be null; nested exception is com.mysql.jdbc.exceptions.jdbc4.MySQLIntegrityConstraintViolationException: Column &apos;user_name&apos; cannot be null, mergedContextConfiguration = [MergedContextConfiguration@7c963d9a testClass = TestMyBatis, locations = &apos;{classpath:spring-mybatis.xml}&apos;, classes = &apos;{}&apos;, contextInitializerClasses = &apos;[]&apos;, activeProfiles = &apos;{}&apos;, contextLoader = &apos;org.springframework.test.context.support.DelegatingSmartContextLoader&apos;, parent = [null]]], class dirties context [false], class mode [null], method dirties context [false].
</system-out>
  </testcase>
  <testcase time="0.07" classname="com.xxl.test.TestMyBatis" name="test3">
    <error message="
### Error updating database.  Cause: com.mysql.jdbc.exceptions.jdbc4.MySQLIntegrityConstraintViolationException: Duplicate entry &apos;2&apos; for key &apos;PRIMARY&apos;
### The error may involve com.xxl.dao.UserTMapper.insertSelective-Inline
### The error occurred while setting parameters
### SQL: insert into user_t      ( id,                              password,                       age )       values ( ?,                              ?,                       ? )
### Cause: com.mysql.jdbc.exceptions.jdbc4.MySQLIntegrityConstraintViolationException: Duplicate entry &apos;2&apos; for key &apos;PRIMARY&apos;
; SQL []; Duplicate entry &apos;2&apos; for key &apos;PRIMARY&apos;; nested exception is com.mysql.jdbc.exceptions.jdbc4.MySQLIntegrityConstraintViolationException: Duplicate entry &apos;2&apos; for key &apos;PRIMARY&apos;" type="org.springframework.dao.DuplicateKeyException">org.springframework.dao.DuplicateKeyException: 
### Error updating database.  Cause: com.mysql.jdbc.exceptions.jdbc4.MySQLIntegrityConstraintViolationException: Duplicate entry &apos;2&apos; for key &apos;PRIMARY&apos;
### The error may involve com.xxl.dao.UserTMapper.insertSelective-Inline
### The error occurred while setting parameters
### SQL: insert into user_t      ( id,                              password,                       age )       values ( ?,                              ?,                       ? )
### Cause: com.mysql.jdbc.exceptions.jdbc4.MySQLIntegrityConstraintViolationException: Duplicate entry &apos;2&apos; for key &apos;PRIMARY&apos;
; SQL []; Duplicate entry &apos;2&apos; for key &apos;PRIMARY&apos;; nested exception is com.mysql.jdbc.exceptions.jdbc4.MySQLIntegrityConstraintViolationException: Duplicate entry &apos;2&apos; for key &apos;PRIMARY&apos;
	at org.springframework.jdbc.support.SQLErrorCodeSQLExceptionTranslator.doTranslate(SQLErrorCodeSQLExceptionTranslator.java:239)
	at org.springframework.jdbc.support.AbstractFallbackSQLExceptionTranslator.translate(AbstractFallbackSQLExceptionTranslator.java:73)
	at org.mybatis.spring.MyBatisExceptionTranslator.translateExceptionIfPossible(MyBatisExceptionTranslator.java:73)
	at org.mybatis.spring.SqlSessionTemplate$SqlSessionInterceptor.invoke(SqlSessionTemplate.java:371)
	at com.sun.proxy.$Proxy18.insert(Unknown Source)
	at org.mybatis.spring.SqlSessionTemplate.insert(SqlSessionTemplate.java:240)
	at org.apache.ibatis.binding.MapperMethod.execute(MapperMethod.java:51)
	at org.apache.ibatis.binding.MapperProxy.invoke(MapperProxy.java:52)
	at com.sun.proxy.$Proxy19.insertSelective(Unknown Source)
	at com.xxl.service.impl.UserServiceImpl.inset(UserServiceImpl.java:29)
	at com.xxl.test.TestMyBatis.test3(TestMyBatis.java:52)
	at sun.reflect.NativeMethodAccessorImpl.invoke0(Native Method)
	at sun.reflect.NativeMethodAccessorImpl.invoke(NativeMethodAccessorImpl.java:57)
	at sun.reflect.DelegatingMethodAccessorImpl.invoke(DelegatingMethodAccessorImpl.java:43)
	at java.lang.reflect.Method.invoke(Method.java:606)
	at org.junit.runners.model.FrameworkMethod$1.runReflectiveCall(FrameworkMethod.java:47)
	at org.junit.internal.runners.model.ReflectiveCallable.run(ReflectiveCallable.java:12)
	at org.junit.runners.model.FrameworkMethod.invokeExplosively(FrameworkMethod.java:44)
	at org.junit.internal.runners.statements.InvokeMethod.evaluate(InvokeMethod.java:17)
	at org.springframework.test.context.junit4.statements.RunBeforeTestMethodCallbacks.evaluate(RunBeforeTestMethodCallbacks.java:74)
	at org.springframework.test.context.junit4.statements.RunAfterTestMethodCallbacks.evaluate(RunAfterTestMethodCallbacks.java:83)
	at org.springframework.test.context.junit4.statements.SpringRepeat.evaluate(SpringRepeat.java:72)
	at org.springframework.test.context.junit4.SpringJUnit4ClassRunner.runChild(SpringJUnit4ClassRunner.java:232)
	at org.springframework.test.context.junit4.SpringJUnit4ClassRunner.runChild(SpringJUnit4ClassRunner.java:89)
	at org.junit.runners.ParentRunner$3.run(ParentRunner.java:238)
	at org.junit.runners.ParentRunner$1.schedule(ParentRunner.java:63)
	at org.junit.runners.ParentRunner.runChildren(ParentRunner.java:236)
	at org.junit.runners.ParentRunner.access$000(ParentRunner.java:53)
	at org.junit.runners.ParentRunner$2.evaluate(ParentRunner.java:229)
	at org.springframework.test.context.junit4.statements.RunBeforeTestClassCallbacks.evaluate(RunBeforeTestClassCallbacks.java:61)
	at org.springframework.test.context.junit4.statements.RunAfterTestClassCallbacks.evaluate(RunAfterTestClassCallbacks.java:71)
	at org.junit.runners.ParentRunner.run(ParentRunner.java:309)
	at org.springframework.test.context.junit4.SpringJUnit4ClassRunner.run(SpringJUnit4ClassRunner.java:175)
	at org.apache.maven.surefire.junit4.JUnit4Provider.execute(JUnit4Provider.java:252)
	at org.apache.maven.surefire.junit4.JUnit4Provider.executeTestSet(JUnit4Provider.java:141)
	at org.apache.maven.surefire.junit4.JUnit4Provider.invoke(JUnit4Provider.java:112)
	at sun.reflect.NativeMethodAccessorImpl.invoke0(Native Method)
	at sun.reflect.NativeMethodAccessorImpl.invoke(NativeMethodAccessorImpl.java:57)
	at sun.reflect.DelegatingMethodAccessorImpl.invoke(DelegatingMethodAccessorImpl.java:43)
	at java.lang.reflect.Method.invoke(Method.java:606)
	at org.apache.maven.surefire.util.ReflectionUtils.invokeMethodWithArray(ReflectionUtils.java:189)
	at org.apache.maven.surefire.booter.ProviderFactory$ProviderProxy.invoke(ProviderFactory.java:165)
	at org.apache.maven.surefire.booter.ProviderFactory.invokeProvider(ProviderFactory.java:85)
	at org.apache.maven.surefire.booter.ForkedBooter.runSuitesInProcess(ForkedBooter.java:115)
	at org.apache.maven.surefire.booter.ForkedBooter.main(ForkedBooter.java:75)
Caused by: com.mysql.jdbc.exceptions.jdbc4.MySQLIntegrityConstraintViolationException: Duplicate entry &apos;2&apos; for key &apos;PRIMARY&apos;
	at sun.reflect.NativeConstructorAccessorImpl.newInstance0(Native Method)
	at sun.reflect.NativeConstructorAccessorImpl.newInstance(NativeConstructorAccessorImpl.java:57)
	at sun.reflect.DelegatingConstructorAccessorImpl.newInstance(DelegatingConstructorAccessorImpl.java:45)
	at java.lang.reflect.Constructor.newInstance(Constructor.java:526)
	at com.mysql.jdbc.Util.handleNewInstance(Util.java:409)
	at com.mysql.jdbc.Util.getInstance(Util.java:384)
	at com.mysql.jdbc.SQLError.createSQLException(SQLError.java:1039)
	at com.mysql.jdbc.MysqlIO.checkErrorPacket(MysqlIO.java:4232)
	at com.mysql.jdbc.MysqlIO.checkErrorPacket(MysqlIO.java:4164)
	at com.mysql.jdbc.MysqlIO.sendCommand(MysqlIO.java:2615)
	at com.mysql.jdbc.MysqlIO.sqlQueryDirect(MysqlIO.java:2776)
	at com.mysql.jdbc.ConnectionImpl.execSQL(ConnectionImpl.java:2838)
	at com.mysql.jdbc.PreparedStatement.executeInternal(PreparedStatement.java:2082)
	at com.mysql.jdbc.PreparedStatement.execute(PreparedStatement.java:1307)
	at org.apache.commons.dbcp.DelegatingPreparedStatement.execute(DelegatingPreparedStatement.java:169)
	at sun.reflect.NativeMethodAccessorImpl.invoke0(Native Method)
	at sun.reflect.NativeMethodAccessorImpl.invoke(NativeMethodAccessorImpl.java:57)
	at sun.reflect.DelegatingMethodAccessorImpl.invoke(DelegatingMethodAccessorImpl.java:43)
	at java.lang.reflect.Method.invoke(Method.java:606)
	at org.apache.ibatis.logging.jdbc.PreparedStatementLogger.invoke(PreparedStatementLogger.java:62)
	at com.sun.proxy.$Proxy22.execute(Unknown Source)
	at org.apache.ibatis.executor.statement.PreparedStatementHandler.update(PreparedStatementHandler.java:44)
	at org.apache.ibatis.executor.statement.RoutingStatementHandler.update(RoutingStatementHandler.java:69)
	at org.apache.ibatis.executor.SimpleExecutor.doUpdate(SimpleExecutor.java:48)
	at org.apache.ibatis.executor.BaseExecutor.update(BaseExecutor.java:105)
	at org.apache.ibatis.executor.CachingExecutor.update(CachingExecutor.java:71)
	at org.apache.ibatis.session.defaults.DefaultSqlSession.update(DefaultSqlSession.java:152)
	at org.apache.ibatis.session.defaults.DefaultSqlSession.insert(DefaultSqlSession.java:141)
	at sun.reflect.NativeMethodAccessorImpl.invoke0(Native Method)
	at sun.reflect.NativeMethodAccessorImpl.invoke(NativeMethodAccessorImpl.java:57)
	at sun.reflect.DelegatingMethodAccessorImpl.invoke(DelegatingMethodAccessorImpl.java:43)
	at java.lang.reflect.Method.invoke(Method.java:606)
	at org.mybatis.spring.SqlSessionTemplate$SqlSessionInterceptor.invoke(SqlSessionTemplate.java:358)
	... 41 more
</error>
    <system-out>2017-07-15 12:24:30,871 [main] DEBUG [org.springframework.test.annotation.ProfileValueUtils] - Retrieved @ProfileValueSourceConfiguration [null] for test class [com.xxl.test.TestMyBatis]
2017-07-15 12:24:30,871 [main] DEBUG [org.springframework.test.annotation.ProfileValueUtils] - Retrieved ProfileValueSource type [class org.springframework.test.annotation.SystemProfileValueSource] for class [com.xxl.test.TestMyBatis]
2017-07-15 12:24:30,872 [main] DEBUG [org.springframework.test.context.support.DependencyInjectionTestExecutionListener] - Performing dependency injection for test context [[DefaultTestContext@751b1e07 testClass = TestMyBatis, testInstance = com.xxl.test.TestMyBatis@36ee7f4c, testMethod = [null], testException = [null], mergedContextConfiguration = [MergedContextConfiguration@7c963d9a testClass = TestMyBatis, locations = &apos;{classpath:spring-mybatis.xml}&apos;, classes = &apos;{}&apos;, contextInitializerClasses = &apos;[]&apos;, activeProfiles = &apos;{}&apos;, contextLoader = &apos;org.springframework.test.context.support.DelegatingSmartContextLoader&apos;, parent = [null]]]].
2017-07-15 12:24:30,873 [main] DEBUG [org.springframework.test.context.CacheAwareContextLoaderDelegate] - Retrieved ApplicationContext from cache with key [[MergedContextConfiguration@7c963d9a testClass = TestMyBatis, locations = &apos;{classpath:spring-mybatis.xml}&apos;, classes = &apos;{}&apos;, contextInitializerClasses = &apos;[]&apos;, activeProfiles = &apos;{}&apos;, contextLoader = &apos;org.springframework.test.context.support.DelegatingSmartContextLoader&apos;, parent = [null]]].
2017-07-15 12:24:30,873 [main] DEBUG [org.springframework.beans.factory.annotation.InjectionMetadata] - Processing injected method of bean &apos;com.xxl.test.TestMyBatis&apos;: AutowiredFieldElement for private com.xxl.service.UserService com.xxl.test.TestMyBatis.userService
2017-07-15 12:24:30,873 [main] DEBUG [org.springframework.beans.factory.support.DefaultListableBeanFactory] - Returning cached instance of singleton bean &apos;userService&apos;
2017-07-15 12:24:30,873 [main] DEBUG [org.springframework.beans.factory.annotation.InjectionMetadata] - Processing injected method of bean &apos;com.xxl.test.TestMyBatis&apos;: AutowiredFieldElement for private com.xxl.service.ClassService com.xxl.test.TestMyBatis.classService
2017-07-15 12:24:30,874 [main] DEBUG [org.springframework.beans.factory.support.DefaultListableBeanFactory] - Returning cached instance of singleton bean &apos;classService&apos;
2017-07-15 12:24:30,876 [main] DEBUG [org.mybatis.spring.SqlSessionUtils] - Creating a new SqlSession
2017-07-15 12:24:30,876 [main] DEBUG [org.mybatis.spring.SqlSessionUtils] - SqlSession [org.apache.ibatis.session.defaults.DefaultSqlSession@63e772c0] was not registered for synchronization because synchronization is not active
2017-07-15 12:24:30,938 [main] DEBUG [org.springframework.jdbc.datasource.DataSourceUtils] - Fetching JDBC Connection from DataSource
2017-07-15 12:24:30,939 [main] DEBUG [org.mybatis.spring.transaction.SpringManagedTransaction] - JDBC Connection [jdbc:mysql://localhost:3306/test, UserName=root@localhost, MySQL Connector Java] will not be managed by Spring
2017-07-15 12:24:30,939 [main] DEBUG [com.xxl.dao.UserTMapper.insertSelective] - ==&gt;  Preparing: insert into user_t ( id, password, age ) values ( ?, ?, ? ) 
2017-07-15 12:24:30,939 [main] DEBUG [com.xxl.dao.UserTMapper.insertSelective] - ==&gt; Parameters: 2(Integer), 122(String), 13(Integer)
2017-07-15 12:24:30,940 [main] DEBUG [org.mybatis.spring.SqlSessionUtils] - Closing non transactional SqlSession [org.apache.ibatis.session.defaults.DefaultSqlSession@63e772c0]
2017-07-15 12:24:30,940 [main] DEBUG [org.springframework.jdbc.datasource.DataSourceUtils] - Returning JDBC Connection to DataSource
2017-07-15 12:24:30,940 [main] DEBUG [org.springframework.jdbc.support.SQLErrorCodeSQLExceptionTranslator] - Translating SQLException with SQL state &apos;23000&apos;, error code &apos;1062&apos;, message [Duplicate entry &apos;2&apos; for key &apos;PRIMARY&apos;]; SQL was [] for task [
### Error updating database.  Cause: com.mysql.jdbc.exceptions.jdbc4.MySQLIntegrityConstraintViolationException: Duplicate entry &apos;2&apos; for key &apos;PRIMARY&apos;
### The error may involve com.xxl.dao.UserTMapper.insertSelective-Inline
### The error occurred while setting parameters
### SQL: insert into user_t      ( id,                              password,                       age )       values ( ?,                              ?,                       ? )
### Cause: com.mysql.jdbc.exceptions.jdbc4.MySQLIntegrityConstraintViolationException: Duplicate entry &apos;2&apos; for key &apos;PRIMARY&apos;
]
2017-07-15 12:24:30,941 [main] DEBUG [org.springframework.test.context.support.DirtiesContextTestExecutionListener] - After test method: context [DefaultTestContext@751b1e07 testClass = TestMyBatis, testInstance = com.xxl.test.TestMyBatis@36ee7f4c, testMethod = test3@TestMyBatis, testException = org.springframework.dao.DuplicateKeyException: 
### Error updating database.  Cause: com.mysql.jdbc.exceptions.jdbc4.MySQLIntegrityConstraintViolationException: Duplicate entry &apos;2&apos; for key &apos;PRIMARY&apos;
### The error may involve com.xxl.dao.UserTMapper.insertSelective-Inline
### The error occurred while setting parameters
### SQL: insert into user_t      ( id,                              password,                       age )       values ( ?,                              ?,                       ? )
### Cause: com.mysql.jdbc.exceptions.jdbc4.MySQLIntegrityConstraintViolationException: Duplicate entry &apos;2&apos; for key &apos;PRIMARY&apos;
; SQL []; Duplicate entry &apos;2&apos; for key &apos;PRIMARY&apos;; nested exception is com.mysql.jdbc.exceptions.jdbc4.MySQLIntegrityConstraintViolationException: Duplicate entry &apos;2&apos; for key &apos;PRIMARY&apos;, mergedContextConfiguration = [MergedContextConfiguration@7c963d9a testClass = TestMyBatis, locations = &apos;{classpath:spring-mybatis.xml}&apos;, classes = &apos;{}&apos;, contextInitializerClasses = &apos;[]&apos;, activeProfiles = &apos;{}&apos;, contextLoader = &apos;org.springframework.test.context.support.DelegatingSmartContextLoader&apos;, parent = [null]]], class dirties context [false], class mode [null], method dirties context [false].
</system-out>
  </testcase>
  <testcase time="0.004" classname="com.xxl.test.TestMyBatis" name="test4">
    <error type="java.lang.NullPointerException">java.lang.NullPointerException
	at com.xxl.test.TestMyBatis.test4(TestMyBatis.java:58)
	at sun.reflect.NativeMethodAccessorImpl.invoke0(Native Method)
	at sun.reflect.NativeMethodAccessorImpl.invoke(NativeMethodAccessorImpl.java:57)
	at sun.reflect.DelegatingMethodAccessorImpl.invoke(DelegatingMethodAccessorImpl.java:43)
	at java.lang.reflect.Method.invoke(Method.java:606)
	at org.junit.runners.model.FrameworkMethod$1.runReflectiveCall(FrameworkMethod.java:47)
	at org.junit.internal.runners.model.ReflectiveCallable.run(ReflectiveCallable.java:12)
	at org.junit.runners.model.FrameworkMethod.invokeExplosively(FrameworkMethod.java:44)
	at org.junit.internal.runners.statements.InvokeMethod.evaluate(InvokeMethod.java:17)
	at org.springframework.test.context.junit4.statements.RunBeforeTestMethodCallbacks.evaluate(RunBeforeTestMethodCallbacks.java:74)
	at org.springframework.test.context.junit4.statements.RunAfterTestMethodCallbacks.evaluate(RunAfterTestMethodCallbacks.java:83)
	at org.springframework.test.context.junit4.statements.SpringRepeat.evaluate(SpringRepeat.java:72)
	at org.springframework.test.context.junit4.SpringJUnit4ClassRunner.runChild(SpringJUnit4ClassRunner.java:232)
	at org.springframework.test.context.junit4.SpringJUnit4ClassRunner.runChild(SpringJUnit4ClassRunner.java:89)
	at org.junit.runners.ParentRunner$3.run(ParentRunner.java:238)
	at org.junit.runners.ParentRunner$1.schedule(ParentRunner.java:63)
	at org.junit.runners.ParentRunner.runChildren(ParentRunner.java:236)
	at org.junit.runners.ParentRunner.access$000(ParentRunner.java:53)
	at org.junit.runners.ParentRunner$2.evaluate(ParentRunner.java:229)
	at org.springframework.test.context.junit4.statements.RunBeforeTestClassCallbacks.evaluate(RunBeforeTestClassCallbacks.java:61)
	at org.springframework.test.context.junit4.statements.RunAfterTestClassCallbacks.evaluate(RunAfterTestClassCallbacks.java:71)
	at org.junit.runners.ParentRunner.run(ParentRunner.java:309)
	at org.springframework.test.context.junit4.SpringJUnit4ClassRunner.run(SpringJUnit4ClassRunner.java:175)
	at org.apache.maven.surefire.junit4.JUnit4Provider.execute(JUnit4Provider.java:252)
	at org.apache.maven.surefire.junit4.JUnit4Provider.executeTestSet(JUnit4Provider.java:141)
	at org.apache.maven.surefire.junit4.JUnit4Provider.invoke(JUnit4Provider.java:112)
	at sun.reflect.NativeMethodAccessorImpl.invoke0(Native Method)
	at sun.reflect.NativeMethodAccessorImpl.invoke(NativeMethodAccessorImpl.java:57)
	at sun.reflect.DelegatingMethodAccessorImpl.invoke(DelegatingMethodAccessorImpl.java:43)
	at java.lang.reflect.Method.invoke(Method.java:606)
	at org.apache.maven.surefire.util.ReflectionUtils.invokeMethodWithArray(ReflectionUtils.java:189)
	at org.apache.maven.surefire.booter.ProviderFactory$ProviderProxy.invoke(ProviderFactory.java:165)
	at org.apache.maven.surefire.booter.ProviderFactory.invokeProvider(ProviderFactory.java:85)
	at org.apache.maven.surefire.booter.ForkedBooter.runSuitesInProcess(ForkedBooter.java:115)
	at org.apache.maven.surefire.booter.ForkedBooter.main(ForkedBooter.java:75)
</error>
    <system-out>2017-07-15 12:24:30,943 [main] DEBUG [org.springframework.test.annotation.ProfileValueUtils] - Retrieved @ProfileValueSourceConfiguration [null] for test class [com.xxl.test.TestMyBatis]
2017-07-15 12:24:30,943 [main] DEBUG [org.springframework.test.annotation.ProfileValueUtils] - Retrieved ProfileValueSource type [class org.springframework.test.annotation.SystemProfileValueSource] for class [com.xxl.test.TestMyBatis]
2017-07-15 12:24:30,943 [main] DEBUG [org.springframework.test.context.support.DependencyInjectionTestExecutionListener] - Performing dependency injection for test context [[DefaultTestContext@751b1e07 testClass = TestMyBatis, testInstance = com.xxl.test.TestMyBatis@320da5ed, testMethod = [null], testException = [null], mergedContextConfiguration = [MergedContextConfiguration@7c963d9a testClass = TestMyBatis, locations = &apos;{classpath:spring-mybatis.xml}&apos;, classes = &apos;{}&apos;, contextInitializerClasses = &apos;[]&apos;, activeProfiles = &apos;{}&apos;, contextLoader = &apos;org.springframework.test.context.support.DelegatingSmartContextLoader&apos;, parent = [null]]]].
2017-07-15 12:24:30,943 [main] DEBUG [org.springframework.test.context.CacheAwareContextLoaderDelegate] - Retrieved ApplicationContext from cache with key [[MergedContextConfiguration@7c963d9a testClass = TestMyBatis, locations = &apos;{classpath:spring-mybatis.xml}&apos;, classes = &apos;{}&apos;, contextInitializerClasses = &apos;[]&apos;, activeProfiles = &apos;{}&apos;, contextLoader = &apos;org.springframework.test.context.support.DelegatingSmartContextLoader&apos;, parent = [null]]].
2017-07-15 12:24:30,944 [main] DEBUG [org.springframework.beans.factory.annotation.InjectionMetadata] - Processing injected method of bean &apos;com.xxl.test.TestMyBatis&apos;: AutowiredFieldElement for private com.xxl.service.UserService com.xxl.test.TestMyBatis.userService
2017-07-15 12:24:30,944 [main] DEBUG [org.springframework.beans.factory.support.DefaultListableBeanFactory] - Returning cached instance of singleton bean &apos;userService&apos;
2017-07-15 12:24:30,944 [main] DEBUG [org.springframework.beans.factory.annotation.InjectionMetadata] - Processing injected method of bean &apos;com.xxl.test.TestMyBatis&apos;: AutowiredFieldElement for private com.xxl.service.ClassService com.xxl.test.TestMyBatis.classService
2017-07-15 12:24:30,944 [main] DEBUG [org.springframework.beans.factory.support.DefaultListableBeanFactory] - Returning cached instance of singleton bean &apos;classService&apos;
2017-07-15 12:24:30,945 [main] DEBUG [org.springframework.test.context.support.DirtiesContextTestExecutionListener] - After test method: context [DefaultTestContext@751b1e07 testClass = TestMyBatis, testInstance = com.xxl.test.TestMyBatis@320da5ed, testMethod = test4@TestMyBatis, testException = java.lang.NullPointerException, mergedContextConfiguration = [MergedContextConfiguration@7c963d9a testClass = TestMyBatis, locations = &apos;{classpath:spring-mybatis.xml}&apos;, classes = &apos;{}&apos;, contextInitializerClasses = &apos;[]&apos;, activeProfiles = &apos;{}&apos;, contextLoader = &apos;org.springframework.test.context.support.DelegatingSmartContextLoader&apos;, parent = [null]]], class dirties context [false], class mode [null], method dirties context [false].
</system-out>
  </testcase>
  <testcase time="0.007" classname="com.xxl.test.TestMyBatis" name="test5"/>
  <testcase time="0.043" classname="com.xxl.test.TestMyBatis" name="test6"/>
</testsuite>